<?xml version="1.0" encoding="UTF-8"?>
<!-- Generated by org.testng.reporters.JUnitReportReporter -->
<testsuite hostname="DESKTOP-CB523E7" failures="0" tests="1" name="RestAssuredApiTesting.RestAssuredApiTesting.postwithoughtAuthorization" time="1.354" errors="0" timestamp="2023-01-15T23:03:03 IST" skipped="0">
  <testcase classname="RestAssuredApiTesting.RestAssuredApiTesting.postwithoughtAuthorization" name="post" time="1.354"/>
  <system-out/>
</testsuite> <!-- RestAssuredApiTesting.RestAssuredApiTesting.postwithoughtAuthorization -->
