<?xml version="1.0" encoding="UTF-8"?>
<!-- Generated by org.testng.reporters.JUnitReportReporter -->
<testsuite hostname="DESKTOP-CB523E7" failures="0" tests="4" name="Day1.HTTPPRequests" time="9.519" errors="0" timestamp="2023-01-22T20:58:11 IST" skipped="0">
  <testcase classname="Day1.HTTPPRequests" name="getUsers" time="6.113"/>
  <system-out/>
  <testcase classname="Day1.HTTPPRequests" name="createuser" time="1.934"/>
  <system-out/>
  <testcase classname="Day1.HTTPPRequests" name="updateUsers" time="0.880"/>
  <system-out/>
  <testcase classname="Day1.HTTPPRequests" name="deleteusers" time="0.592"/>
  <system-out/>
</testsuite> <!-- Day1.HTTPPRequests -->
