<?xml version="1.0" encoding="UTF-8"?>
<!-- Generated by org.testng.reporters.JUnitReportReporter -->
<testsuite hostname="DESKTOP-CB523E7" failures="0" tests="1" name="Day3.LogingDemo" time="9.562" errors="0" timestamp="2023-01-27T08:13:19 IST" skipped="0">
  <testcase classname="Day3.LogingDemo" name="testLogs" time="9.562"/>
  <system-out/>
</testsuite> <!-- Day3.LogingDemo -->
