<?xml version="1.0" encoding="UTF-8"?>
<!-- Generated by org.testng.reporters.JUnitReportReporter -->
<testsuite hostname="DESKTOP-CB523E7" failures="0" tests="1" name="Day3.Headers" time="4.893" errors="0" timestamp="2023-01-24T08:41:28 IST" skipped="0">
  <testcase classname="Day3.Headers" name="getheaders" time="4.893"/>
  <system-out/>
</testsuite> <!-- Day3.Headers -->
