<?xml version="1.0" encoding="UTF-8"?>
<!-- Generated by org.testng.reporters.JUnitReportReporter -->
<testsuite hostname="DESKTOP-CB523E7" failures="0" tests="1" name="Day3.cookiesDemo" time="4.734" errors="0" timestamp="2023-01-24T08:30:22 IST" skipped="0">
  <testcase classname="Day3.cookiesDemo" name="getcookiesInfo" time="4.734"/>
  <system-out/>
</testsuite> <!-- Day3.cookiesDemo -->
